<?xml version="1.0" encoding="UTF-8"?>
<testng-results total="1" passed="1" failed="0" skipped="0">
  <reporter-output>
  </reporter-output>
  <suite started-at="2024-08-10T18:48:17Z" name="Test Suite for Buildout" finished-at="2024-08-10T18:49:19Z" duration-ms="61738">
    <groups>
    </groups>
    <test started-at="2024-08-10T18:48:17Z" name="Test Cases for Buildout" finished-at="2024-08-10T18:49:19Z" duration-ms="61738">
      <class name="demo.TestCases">
        <test-method is-config="true" signature="startBrowser()[pri:0, instance:demo.TestCases@27d4a09]" started-at="2024-08-11T00:18:17Z" name="startBrowser" finished-at="2024-08-11T00:18:20Z" duration-ms="3265" status="PASS">
          <reporter-output>
          </reporter-output>
        </test-method> <!-- startBrowser -->
        <test-method signature="testcase01()[pri:0, instance:demo.TestCases@27d4a09]" started-at="2024-08-11T00:18:20Z" name="testcase01" finished-at="2024-08-11T00:19:18Z" duration-ms="57739" status="PASS">
          <reporter-output>
          </reporter-output>
        </test-method> <!-- testcase01 -->
        <test-method is-config="true" signature="endTest()[pri:0, instance:demo.TestCases@27d4a09]" started-at="2024-08-11T00:19:18Z" name="endTest" finished-at="2024-08-11T00:19:19Z" duration-ms="720" status="PASS">
          <reporter-output>
          </reporter-output>
        </test-method> <!-- endTest -->
      </class> <!-- demo.TestCases -->
    </test> <!-- Test Cases for Buildout -->
  </suite> <!-- Test Suite for Buildout -->
</testng-results>
